<?xml version="1.0" encoding="UTF-8"?>
<testng-results ignored="0" total="1" passed="1" failed="0" skipped="0">
  <reporter-output>
    <line>
      <![CDATA[Hello]]>
    </line>
  </reporter-output>
  <suite started-at="2024-12-03T12:14:07 IST" name="Suite" finished-at="2024-12-03T12:14:08 IST" duration-ms="95">
    <groups>
    </groups>
    <test started-at="2024-12-03T12:14:07 IST" name="Test" finished-at="2024-12-03T12:14:08 IST" duration-ms="95">
      <class name="testNG.script1">
        <test-method signature="Testcase()[pri:0, instance:testNG.script1@6bd61f98]" started-at="2024-12-03T12:14:08 IST" name="Testcase" finished-at="2024-12-03T12:14:08 IST" duration-ms="14" status="PASS">
          <reporter-output>
            <line>
              <![CDATA[Hello]]>
            </line>
          </reporter-output>
        </test-method> <!-- Testcase -->
      </class> <!-- testNG.script1 -->
    </test> <!-- Test -->
  </suite> <!-- Suite -->
</testng-results>
